[debug] [2019-08-21T20:43:50.373Z] ----------------------------------------------------------------------
[debug] [2019-08-21T20:43:50.375Z] Command:       C:\Program Files\nodejs\node.exe C:\Users\riley\AppData\Roaming\npm\node_modules\firebase-tools\lib\bin\firebase.js deploy
[debug] [2019-08-21T20:43:50.375Z] CLI Version:   7.2.4
[debug] [2019-08-21T20:43:50.375Z] Platform:      win32
[debug] [2019-08-21T20:43:50.375Z] Node Version:  v10.15.3
[debug] [2019-08-21T20:43:50.389Z] Time:          Wed Aug 21 2019 15:43:50 GMT-0500 (Central Daylight Time)
[debug] [2019-08-21T20:43:50.389Z] ----------------------------------------------------------------------
[debug] 
[debug] [2019-08-21T20:43:50.398Z] > command requires scopes: ["email","openid","https://www.googleapis.com/auth/cloudplatformprojects.readonly","https://www.googleapis.com/auth/firebase","https://www.googleapis.com/auth/cloud-platform"]
[debug] [2019-08-21T20:43:50.398Z] > authorizing via signed-in user
[debug] [2019-08-21T20:43:50.399Z] [iam] checking project rileyabrahamson-bcb12 for permissions ["firebase.projects.get","firebasehosting.sites.update"]
[debug] [2019-08-21T20:43:50.400Z] >>> HTTP REQUEST POST https://cloudresourcemanager.googleapis.com/v1/projects/rileyabrahamson-bcb12:testIamPermissions  

[debug] [2019-08-21T20:43:50.720Z] <<< HTTP RESPONSE 200
[debug] [2019-08-21T20:43:50.722Z] >>> HTTP REQUEST GET https://firebase.googleapis.com/v1beta1/projects/rileyabrahamson-bcb12  
 
[debug] [2019-08-21T20:43:50.964Z] <<< HTTP RESPONSE 200
[info] 
[info] === Deploying to 'rileyabrahamson-bcb12'...
[info] 
[info] i  deploying hosting
[debug] [2019-08-21T20:43:50.967Z] >>> HTTP REQUEST POST https://firebasehosting.googleapis.com/v1beta1/sites/rileyabrahamson-bcb12/versions  

[debug] [2019-08-21T20:43:52.793Z] <<< HTTP RESPONSE 200
[info] i  hosting[rileyabrahamson-bcb12]: beginning deploy...
[info] i  hosting[rileyabrahamson-bcb12]: found 113 files in dist/rileyabr
[debug] [2019-08-21T20:43:52.837Z] [hosting] hash cache [ZGlzdFxyaWxleWFicg] not populated
[debug] [2019-08-21T20:44:38.605Z] [hosting] hash cache [ZGlzdFxyaWxleWFicg] stored for 113 files
[debug] [2019-08-21T20:44:38.605Z] [hosting][hash queue][FINAL]
[debug] [2019-08-21T20:44:38.605Z] >>> HTTP REQUEST POST https://firebasehosting.googleapis.com/v1beta1/sites/rileyabrahamson-bcb12/versions/db20d98abb2d98bc:populateFiles  
 <request body omitted>
[debug] [2019-08-21T20:44:39.199Z] <<< HTTP RESPONSE 200
[debug] [2019-08-21T20:44:39.221Z] [hosting][populate queue][FINAL]
[debug] [2019-08-21T20:44:39.221Z] [hosting] uploads queued: 98
